<?xml version="1.0" encoding="UTF-8"?>
<!-- Generated by org.testng.reporters.JUnitReportReporter -->
<testsuite hostname="rahul-PC" failures="0" tests="1" name="FinalProject.First.HomePage" time="11.812" errors="0" timestamp="2020-09-13T18:46:06 IST" skipped="0">
  <testcase classname="FinalProject.First.HomePage" name="PageNavigation" time="11.812"/>
  <system-out/>
</testsuite> <!-- FinalProject.First.HomePage -->
